<?xml version="1.0" encoding="UTF-8"?>
<testsuite xmlns:xsi="http://www.w3.org/2001/XMLSchema-instance" xsi:noNamespaceSchemaLocation="https://maven.apache.org/surefire/maven-surefire-plugin/xsd/surefire-test-report-3.0.xsd" version="3.0" name="com.hmic.EmployeeManagementApplicationTests" time="1.42" tests="1" errors="0" skipped="0" failures="0">
  <properties>
    <property name="java.specification.version" value="17"/>
    <property name="sun.jnu.encoding" value="UTF-8"/>
    <property name="java.class.path" value="/Users/hmic/Desktop/employee-management/target/test-classes:/Users/hmic/Desktop/employee-management/target/classes:/Users/hmic/Documents/maven/3.9.5/libexec/conf/repository/org/springframework/boot/spring-boot-starter-web/3.2.0/spring-boot-starter-web-3.2.0.jar:/Users/hmic/Documents/maven/3.9.5/libexec/conf/repository/org/springframework/boot/spring-boot-starter/3.2.0/spring-boot-starter-3.2.0.jar:/Users/hmic/Documents/maven/3.9.5/libexec/conf/repository/org/springframework/boot/spring-boot/3.2.0/spring-boot-3.2.0.jar:/Users/hmic/Documents/maven/3.9.5/libexec/conf/repository/org/springframework/boot/spring-boot-autoconfigure/3.2.0/spring-boot-autoconfigure-3.2.0.jar:/Users/hmic/Documents/maven/3.9.5/libexec/conf/repository/org/springframework/boot/spring-boot-starter-logging/3.2.0/spring-boot-starter-logging-3.2.0.jar:/Users/hmic/Documents/maven/3.9.5/libexec/conf/repository/ch/qos/logback/logback-classic/1.4.11/logback-classic-1.4.11.jar:/Users/hmic/Documents/maven/3.9.5/libexec/conf/repository/ch/qos/logback/logback-core/1.4.11/logback-core-1.4.11.jar:/Users/hmic/Documents/maven/3.9.5/libexec/conf/repository/org/apache/logging/log4j/log4j-to-slf4j/2.21.1/log4j-to-slf4j-2.21.1.jar:/Users/hmic/Documents/maven/3.9.5/libexec/conf/repository/org/apache/logging/log4j/log4j-api/2.21.1/log4j-api-2.21.1.jar:/Users/hmic/Documents/maven/3.9.5/libexec/conf/repository/org/slf4j/jul-to-slf4j/2.0.9/jul-to-slf4j-2.0.9.jar:/Users/hmic/Documents/maven/3.9.5/libexec/conf/repository/jakarta/annotation/jakarta.annotation-api/2.1.1/jakarta.annotation-api-2.1.1.jar:/Users/hmic/Documents/maven/3.9.5/libexec/conf/repository/org/yaml/snakeyaml/2.2/snakeyaml-2.2.jar:/Users/hmic/Documents/maven/3.9.5/libexec/conf/repository/org/springframework/boot/spring-boot-starter-json/3.2.0/spring-boot-starter-json-3.2.0.jar:/Users/hmic/Documents/maven/3.9.5/libexec/conf/repository/com/fasterxml/jackson/core/jackson-databind/2.15.3/jackson-databind-2.15.3.jar:/Users/hmic/Documents/maven/3.9.5/libexec/conf/repository/com/fasterxml/jackson/core/jackson-annotations/2.15.3/jackson-annotations-2.15.3.jar:/Users/hmic/Documents/maven/3.9.5/libexec/conf/repository/com/fasterxml/jackson/core/jackson-core/2.15.3/jackson-core-2.15.3.jar:/Users/hmic/Documents/maven/3.9.5/libexec/conf/repository/com/fasterxml/jackson/datatype/jackson-datatype-jdk8/2.15.3/jackson-datatype-jdk8-2.15.3.jar:/Users/hmic/Documents/maven/3.9.5/libexec/conf/repository/com/fasterxml/jackson/datatype/jackson-datatype-jsr310/2.15.3/jackson-datatype-jsr310-2.15.3.jar:/Users/hmic/Documents/maven/3.9.5/libexec/conf/repository/com/fasterxml/jackson/module/jackson-module-parameter-names/2.15.3/jackson-module-parameter-names-2.15.3.jar:/Users/hmic/Documents/maven/3.9.5/libexec/conf/repository/org/springframework/boot/spring-boot-starter-tomcat/3.2.0/spring-boot-starter-tomcat-3.2.0.jar:/Users/hmic/Documents/maven/3.9.5/libexec/conf/repository/org/apache/tomcat/embed/tomcat-embed-core/10.1.16/tomcat-embed-core-10.1.16.jar:/Users/hmic/Documents/maven/3.9.5/libexec/conf/repository/org/apache/tomcat/embed/tomcat-embed-el/10.1.16/tomcat-embed-el-10.1.16.jar:/Users/hmic/Documents/maven/3.9.5/libexec/conf/repository/org/apache/tomcat/embed/tomcat-embed-websocket/10.1.16/tomcat-embed-websocket-10.1.16.jar:/Users/hmic/Documents/maven/3.9.5/libexec/conf/repository/org/springframework/spring-web/6.1.1/spring-web-6.1.1.jar:/Users/hmic/Documents/maven/3.9.5/libexec/conf/repository/org/springframework/spring-beans/6.1.1/spring-beans-6.1.1.jar:/Users/hmic/Documents/maven/3.9.5/libexec/conf/repository/io/micrometer/micrometer-observation/1.12.0/micrometer-observation-1.12.0.jar:/Users/hmic/Documents/maven/3.9.5/libexec/conf/repository/io/micrometer/micrometer-commons/1.12.0/micrometer-commons-1.12.0.jar:/Users/hmic/Documents/maven/3.9.5/libexec/conf/repository/org/springframework/spring-webmvc/6.1.1/spring-webmvc-6.1.1.jar:/Users/hmic/Documents/maven/3.9.5/libexec/conf/repository/org/springframework/spring-aop/6.1.1/spring-aop-6.1.1.jar:/Users/hmic/Documents/maven/3.9.5/libexec/conf/repository/org/springframework/spring-context/6.1.1/spring-context-6.1.1.jar:/Users/hmic/Documents/maven/3.9.5/libexec/conf/repository/org/springframework/spring-expression/6.1.1/spring-expression-6.1.1.jar:/Users/hmic/Documents/maven/3.9.5/libexec/conf/repository/org/mybatis/spring/boot/mybatis-spring-boot-starter/3.0.3/mybatis-spring-boot-starter-3.0.3.jar:/Users/hmic/Documents/maven/3.9.5/libexec/conf/repository/org/springframework/boot/spring-boot-starter-jdbc/3.2.0/spring-boot-starter-jdbc-3.2.0.jar:/Users/hmic/Documents/maven/3.9.5/libexec/conf/repository/com/zaxxer/HikariCP/5.0.1/HikariCP-5.0.1.jar:/Users/hmic/Documents/maven/3.9.5/libexec/conf/repository/org/springframework/spring-jdbc/6.1.1/spring-jdbc-6.1.1.jar:/Users/hmic/Documents/maven/3.9.5/libexec/conf/repository/org/mybatis/spring/boot/mybatis-spring-boot-autoconfigure/3.0.3/mybatis-spring-boot-autoconfigure-3.0.3.jar:/Users/hmic/Documents/maven/3.9.5/libexec/conf/repository/org/mybatis/mybatis/3.5.14/mybatis-3.5.14.jar:/Users/hmic/Documents/maven/3.9.5/libexec/conf/repository/org/mybatis/mybatis-spring/3.0.3/mybatis-spring-3.0.3.jar:/Users/hmic/Documents/maven/3.9.5/libexec/conf/repository/com/mysql/mysql-connector-j/8.1.0/mysql-connector-j-8.1.0.jar:/Users/hmic/Documents/maven/3.9.5/libexec/conf/repository/org/projectlombok/lombok/1.18.30/lombok-1.18.30.jar:/Users/hmic/Documents/maven/3.9.5/libexec/conf/repository/org/springframework/boot/spring-boot-starter-test/3.2.0/spring-boot-starter-test-3.2.0.jar:/Users/hmic/Documents/maven/3.9.5/libexec/conf/repository/org/springframework/boot/spring-boot-test/3.2.0/spring-boot-test-3.2.0.jar:/Users/hmic/Documents/maven/3.9.5/libexec/conf/repository/org/springframework/boot/spring-boot-test-autoconfigure/3.2.0/spring-boot-test-autoconfigure-3.2.0.jar:/Users/hmic/Documents/maven/3.9.5/libexec/conf/repository/com/jayway/jsonpath/json-path/2.8.0/json-path-2.8.0.jar:/Users/hmic/Documents/maven/3.9.5/libexec/conf/repository/org/slf4j/slf4j-api/2.0.9/slf4j-api-2.0.9.jar:/Users/hmic/Documents/maven/3.9.5/libexec/conf/repository/jakarta/xml/bind/jakarta.xml.bind-api/4.0.1/jakarta.xml.bind-api-4.0.1.jar:/Users/hmic/Documents/maven/3.9.5/libexec/conf/repository/jakarta/activation/jakarta.activation-api/2.1.2/jakarta.activation-api-2.1.2.jar:/Users/hmic/Documents/maven/3.9.5/libexec/conf/repository/net/minidev/json-smart/2.5.0/json-smart-2.5.0.jar:/Users/hmic/Documents/maven/3.9.5/libexec/conf/repository/net/minidev/accessors-smart/2.5.0/accessors-smart-2.5.0.jar:/Users/hmic/Documents/maven/3.9.5/libexec/conf/repository/org/ow2/asm/asm/9.3/asm-9.3.jar:/Users/hmic/Documents/maven/3.9.5/libexec/conf/repository/org/assertj/assertj-core/3.24.2/assertj-core-3.24.2.jar:/Users/hmic/Documents/maven/3.9.5/libexec/conf/repository/net/bytebuddy/byte-buddy/1.14.10/byte-buddy-1.14.10.jar:/Users/hmic/Documents/maven/3.9.5/libexec/conf/repository/org/awaitility/awaitility/4.2.0/awaitility-4.2.0.jar:/Users/hmic/Documents/maven/3.9.5/libexec/conf/repository/org/hamcrest/hamcrest/2.2/hamcrest-2.2.jar:/Users/hmic/Documents/maven/3.9.5/libexec/conf/repository/org/junit/jupiter/junit-jupiter/5.10.1/junit-jupiter-5.10.1.jar:/Users/hmic/Documents/maven/3.9.5/libexec/conf/repository/org/junit/jupiter/junit-jupiter-api/5.10.1/junit-jupiter-api-5.10.1.jar:/Users/hmic/Documents/maven/3.9.5/libexec/conf/repository/org/opentest4j/opentest4j/1.3.0/opentest4j-1.3.0.jar:/Users/hmic/Documents/maven/3.9.5/libexec/conf/repository/org/junit/platform/junit-platform-commons/1.10.1/junit-platform-commons-1.10.1.jar:/Users/hmic/Documents/maven/3.9.5/libexec/conf/repository/org/apiguardian/apiguardian-api/1.1.2/apiguardian-api-1.1.2.jar:/Users/hmic/Documents/maven/3.9.5/libexec/conf/repository/org/junit/jupiter/junit-jupiter-params/5.10.1/junit-jupiter-params-5.10.1.jar:/Users/hmic/Documents/maven/3.9.5/libexec/conf/repository/org/junit/jupiter/junit-jupiter-engine/5.10.1/junit-jupiter-engine-5.10.1.jar:/Users/hmic/Documents/maven/3.9.5/libexec/conf/repository/org/junit/platform/junit-platform-engine/1.10.1/junit-platform-engine-1.10.1.jar:/Users/hmic/Documents/maven/3.9.5/libexec/conf/repository/org/mockito/mockito-core/5.7.0/mockito-core-5.7.0.jar:/Users/hmic/Documents/maven/3.9.5/libexec/conf/repository/net/bytebuddy/byte-buddy-agent/1.14.10/byte-buddy-agent-1.14.10.jar:/Users/hmic/Documents/maven/3.9.5/libexec/conf/repository/org/objenesis/objenesis/3.3/objenesis-3.3.jar:/Users/hmic/Documents/maven/3.9.5/libexec/conf/repository/org/mockito/mockito-junit-jupiter/5.7.0/mockito-junit-jupiter-5.7.0.jar:/Users/hmic/Documents/maven/3.9.5/libexec/conf/repository/org/skyscreamer/jsonassert/1.5.1/jsonassert-1.5.1.jar:/Users/hmic/Documents/maven/3.9.5/libexec/conf/repository/com/vaadin/external/google/android-json/0.0.20131108.vaadin1/android-json-0.0.20131108.vaadin1.jar:/Users/hmic/Documents/maven/3.9.5/libexec/conf/repository/org/springframework/spring-core/6.1.1/spring-core-6.1.1.jar:/Users/hmic/Documents/maven/3.9.5/libexec/conf/repository/org/springframework/spring-jcl/6.1.1/spring-jcl-6.1.1.jar:/Users/hmic/Documents/maven/3.9.5/libexec/conf/repository/org/springframework/spring-test/6.1.1/spring-test-6.1.1.jar:/Users/hmic/Documents/maven/3.9.5/libexec/conf/repository/org/xmlunit/xmlunit-core/2.9.1/xmlunit-core-2.9.1.jar:/Users/hmic/Documents/maven/3.9.5/libexec/conf/repository/org/mybatis/spring/boot/mybatis-spring-boot-starter-test/3.0.3/mybatis-spring-boot-starter-test-3.0.3.jar:/Users/hmic/Documents/maven/3.9.5/libexec/conf/repository/org/mybatis/spring/boot/mybatis-spring-boot-test-autoconfigure/3.0.3/mybatis-spring-boot-test-autoconfigure-3.0.3.jar:/Users/hmic/Documents/maven/3.9.5/libexec/conf/repository/org/springframework/spring-tx/6.1.1/spring-tx-6.1.1.jar:"/>
    <property name="java.vm.vendor" value="Eclipse Adoptium"/>
    <property name="sun.arch.data.model" value="64"/>
    <property name="java.vendor.url" value="https://adoptium.net/"/>
    <property name="user.timezone" value="America/New_York"/>
    <property name="os.name" value="Mac OS X"/>
    <property name="java.vm.specification.version" value="17"/>
    <property name="sun.java.launcher" value="SUN_STANDARD"/>
    <property name="user.country" value="US"/>
    <property name="sun.boot.library.path" value="/Library/Java/JavaVirtualMachines/temurin-17.jdk/Contents/Home/lib"/>
    <property name="sun.java.command" value="/Users/hmic/Desktop/employee-management/target/surefire/surefirebooter-20231211165346751_3.jar /Users/hmic/Desktop/employee-management/target/surefire 2023-12-11T16-53-45_964-jvmRun1 surefire-20231211165346751_1tmp surefire_0-20231211165346751_2tmp"/>
    <property name="jdk.debug" value="release"/>
    <property name="surefire.test.class.path" value="/Users/hmic/Desktop/employee-management/target/test-classes:/Users/hmic/Desktop/employee-management/target/classes:/Users/hmic/Documents/maven/3.9.5/libexec/conf/repository/org/springframework/boot/spring-boot-starter-web/3.2.0/spring-boot-starter-web-3.2.0.jar:/Users/hmic/Documents/maven/3.9.5/libexec/conf/repository/org/springframework/boot/spring-boot-starter/3.2.0/spring-boot-starter-3.2.0.jar:/Users/hmic/Documents/maven/3.9.5/libexec/conf/repository/org/springframework/boot/spring-boot/3.2.0/spring-boot-3.2.0.jar:/Users/hmic/Documents/maven/3.9.5/libexec/conf/repository/org/springframework/boot/spring-boot-autoconfigure/3.2.0/spring-boot-autoconfigure-3.2.0.jar:/Users/hmic/Documents/maven/3.9.5/libexec/conf/repository/org/springframework/boot/spring-boot-starter-logging/3.2.0/spring-boot-starter-logging-3.2.0.jar:/Users/hmic/Documents/maven/3.9.5/libexec/conf/repository/ch/qos/logback/logback-classic/1.4.11/logback-classic-1.4.11.jar:/Users/hmic/Documents/maven/3.9.5/libexec/conf/repository/ch/qos/logback/logback-core/1.4.11/logback-core-1.4.11.jar:/Users/hmic/Documents/maven/3.9.5/libexec/conf/repository/org/apache/logging/log4j/log4j-to-slf4j/2.21.1/log4j-to-slf4j-2.21.1.jar:/Users/hmic/Documents/maven/3.9.5/libexec/conf/repository/org/apache/logging/log4j/log4j-api/2.21.1/log4j-api-2.21.1.jar:/Users/hmic/Documents/maven/3.9.5/libexec/conf/repository/org/slf4j/jul-to-slf4j/2.0.9/jul-to-slf4j-2.0.9.jar:/Users/hmic/Documents/maven/3.9.5/libexec/conf/repository/jakarta/annotation/jakarta.annotation-api/2.1.1/jakarta.annotation-api-2.1.1.jar:/Users/hmic/Documents/maven/3.9.5/libexec/conf/repository/org/yaml/snakeyaml/2.2/snakeyaml-2.2.jar:/Users/hmic/Documents/maven/3.9.5/libexec/conf/repository/org/springframework/boot/spring-boot-starter-json/3.2.0/spring-boot-starter-json-3.2.0.jar:/Users/hmic/Documents/maven/3.9.5/libexec/conf/repository/com/fasterxml/jackson/core/jackson-databind/2.15.3/jackson-databind-2.15.3.jar:/Users/hmic/Documents/maven/3.9.5/libexec/conf/repository/com/fasterxml/jackson/core/jackson-annotations/2.15.3/jackson-annotations-2.15.3.jar:/Users/hmic/Documents/maven/3.9.5/libexec/conf/repository/com/fasterxml/jackson/core/jackson-core/2.15.3/jackson-core-2.15.3.jar:/Users/hmic/Documents/maven/3.9.5/libexec/conf/repository/com/fasterxml/jackson/datatype/jackson-datatype-jdk8/2.15.3/jackson-datatype-jdk8-2.15.3.jar:/Users/hmic/Documents/maven/3.9.5/libexec/conf/repository/com/fasterxml/jackson/datatype/jackson-datatype-jsr310/2.15.3/jackson-datatype-jsr310-2.15.3.jar:/Users/hmic/Documents/maven/3.9.5/libexec/conf/repository/com/fasterxml/jackson/module/jackson-module-parameter-names/2.15.3/jackson-module-parameter-names-2.15.3.jar:/Users/hmic/Documents/maven/3.9.5/libexec/conf/repository/org/springframework/boot/spring-boot-starter-tomcat/3.2.0/spring-boot-starter-tomcat-3.2.0.jar:/Users/hmic/Documents/maven/3.9.5/libexec/conf/repository/org/apache/tomcat/embed/tomcat-embed-core/10.1.16/tomcat-embed-core-10.1.16.jar:/Users/hmic/Documents/maven/3.9.5/libexec/conf/repository/org/apache/tomcat/embed/tomcat-embed-el/10.1.16/tomcat-embed-el-10.1.16.jar:/Users/hmic/Documents/maven/3.9.5/libexec/conf/repository/org/apache/tomcat/embed/tomcat-embed-websocket/10.1.16/tomcat-embed-websocket-10.1.16.jar:/Users/hmic/Documents/maven/3.9.5/libexec/conf/repository/org/springframework/spring-web/6.1.1/spring-web-6.1.1.jar:/Users/hmic/Documents/maven/3.9.5/libexec/conf/repository/org/springframework/spring-beans/6.1.1/spring-beans-6.1.1.jar:/Users/hmic/Documents/maven/3.9.5/libexec/conf/repository/io/micrometer/micrometer-observation/1.12.0/micrometer-observation-1.12.0.jar:/Users/hmic/Documents/maven/3.9.5/libexec/conf/repository/io/micrometer/micrometer-commons/1.12.0/micrometer-commons-1.12.0.jar:/Users/hmic/Documents/maven/3.9.5/libexec/conf/repository/org/springframework/spring-webmvc/6.1.1/spring-webmvc-6.1.1.jar:/Users/hmic/Documents/maven/3.9.5/libexec/conf/repository/org/springframework/spring-aop/6.1.1/spring-aop-6.1.1.jar:/Users/hmic/Documents/maven/3.9.5/libexec/conf/repository/org/springframework/spring-context/6.1.1/spring-context-6.1.1.jar:/Users/hmic/Documents/maven/3.9.5/libexec/conf/repository/org/springframework/spring-expression/6.1.1/spring-expression-6.1.1.jar:/Users/hmic/Documents/maven/3.9.5/libexec/conf/repository/org/mybatis/spring/boot/mybatis-spring-boot-starter/3.0.3/mybatis-spring-boot-starter-3.0.3.jar:/Users/hmic/Documents/maven/3.9.5/libexec/conf/repository/org/springframework/boot/spring-boot-starter-jdbc/3.2.0/spring-boot-starter-jdbc-3.2.0.jar:/Users/hmic/Documents/maven/3.9.5/libexec/conf/repository/com/zaxxer/HikariCP/5.0.1/HikariCP-5.0.1.jar:/Users/hmic/Documents/maven/3.9.5/libexec/conf/repository/org/springframework/spring-jdbc/6.1.1/spring-jdbc-6.1.1.jar:/Users/hmic/Documents/maven/3.9.5/libexec/conf/repository/org/mybatis/spring/boot/mybatis-spring-boot-autoconfigure/3.0.3/mybatis-spring-boot-autoconfigure-3.0.3.jar:/Users/hmic/Documents/maven/3.9.5/libexec/conf/repository/org/mybatis/mybatis/3.5.14/mybatis-3.5.14.jar:/Users/hmic/Documents/maven/3.9.5/libexec/conf/repository/org/mybatis/mybatis-spring/3.0.3/mybatis-spring-3.0.3.jar:/Users/hmic/Documents/maven/3.9.5/libexec/conf/repository/com/mysql/mysql-connector-j/8.1.0/mysql-connector-j-8.1.0.jar:/Users/hmic/Documents/maven/3.9.5/libexec/conf/repository/org/projectlombok/lombok/1.18.30/lombok-1.18.30.jar:/Users/hmic/Documents/maven/3.9.5/libexec/conf/repository/org/springframework/boot/spring-boot-starter-test/3.2.0/spring-boot-starter-test-3.2.0.jar:/Users/hmic/Documents/maven/3.9.5/libexec/conf/repository/org/springframework/boot/spring-boot-test/3.2.0/spring-boot-test-3.2.0.jar:/Users/hmic/Documents/maven/3.9.5/libexec/conf/repository/org/springframework/boot/spring-boot-test-autoconfigure/3.2.0/spring-boot-test-autoconfigure-3.2.0.jar:/Users/hmic/Documents/maven/3.9.5/libexec/conf/repository/com/jayway/jsonpath/json-path/2.8.0/json-path-2.8.0.jar:/Users/hmic/Documents/maven/3.9.5/libexec/conf/repository/org/slf4j/slf4j-api/2.0.9/slf4j-api-2.0.9.jar:/Users/hmic/Documents/maven/3.9.5/libexec/conf/repository/jakarta/xml/bind/jakarta.xml.bind-api/4.0.1/jakarta.xml.bind-api-4.0.1.jar:/Users/hmic/Documents/maven/3.9.5/libexec/conf/repository/jakarta/activation/jakarta.activation-api/2.1.2/jakarta.activation-api-2.1.2.jar:/Users/hmic/Documents/maven/3.9.5/libexec/conf/repository/net/minidev/json-smart/2.5.0/json-smart-2.5.0.jar:/Users/hmic/Documents/maven/3.9.5/libexec/conf/repository/net/minidev/accessors-smart/2.5.0/accessors-smart-2.5.0.jar:/Users/hmic/Documents/maven/3.9.5/libexec/conf/repository/org/ow2/asm/asm/9.3/asm-9.3.jar:/Users/hmic/Documents/maven/3.9.5/libexec/conf/repository/org/assertj/assertj-core/3.24.2/assertj-core-3.24.2.jar:/Users/hmic/Documents/maven/3.9.5/libexec/conf/repository/net/bytebuddy/byte-buddy/1.14.10/byte-buddy-1.14.10.jar:/Users/hmic/Documents/maven/3.9.5/libexec/conf/repository/org/awaitility/awaitility/4.2.0/awaitility-4.2.0.jar:/Users/hmic/Documents/maven/3.9.5/libexec/conf/repository/org/hamcrest/hamcrest/2.2/hamcrest-2.2.jar:/Users/hmic/Documents/maven/3.9.5/libexec/conf/repository/org/junit/jupiter/junit-jupiter/5.10.1/junit-jupiter-5.10.1.jar:/Users/hmic/Documents/maven/3.9.5/libexec/conf/repository/org/junit/jupiter/junit-jupiter-api/5.10.1/junit-jupiter-api-5.10.1.jar:/Users/hmic/Documents/maven/3.9.5/libexec/conf/repository/org/opentest4j/opentest4j/1.3.0/opentest4j-1.3.0.jar:/Users/hmic/Documents/maven/3.9.5/libexec/conf/repository/org/junit/platform/junit-platform-commons/1.10.1/junit-platform-commons-1.10.1.jar:/Users/hmic/Documents/maven/3.9.5/libexec/conf/repository/org/apiguardian/apiguardian-api/1.1.2/apiguardian-api-1.1.2.jar:/Users/hmic/Documents/maven/3.9.5/libexec/conf/repository/org/junit/jupiter/junit-jupiter-params/5.10.1/junit-jupiter-params-5.10.1.jar:/Users/hmic/Documents/maven/3.9.5/libexec/conf/repository/org/junit/jupiter/junit-jupiter-engine/5.10.1/junit-jupiter-engine-5.10.1.jar:/Users/hmic/Documents/maven/3.9.5/libexec/conf/repository/org/junit/platform/junit-platform-engine/1.10.1/junit-platform-engine-1.10.1.jar:/Users/hmic/Documents/maven/3.9.5/libexec/conf/repository/org/mockito/mockito-core/5.7.0/mockito-core-5.7.0.jar:/Users/hmic/Documents/maven/3.9.5/libexec/conf/repository/net/bytebuddy/byte-buddy-agent/1.14.10/byte-buddy-agent-1.14.10.jar:/Users/hmic/Documents/maven/3.9.5/libexec/conf/repository/org/objenesis/objenesis/3.3/objenesis-3.3.jar:/Users/hmic/Documents/maven/3.9.5/libexec/conf/repository/org/mockito/mockito-junit-jupiter/5.7.0/mockito-junit-jupiter-5.7.0.jar:/Users/hmic/Documents/maven/3.9.5/libexec/conf/repository/org/skyscreamer/jsonassert/1.5.1/jsonassert-1.5.1.jar:/Users/hmic/Documents/maven/3.9.5/libexec/conf/repository/com/vaadin/external/google/android-json/0.0.20131108.vaadin1/android-json-0.0.20131108.vaadin1.jar:/Users/hmic/Documents/maven/3.9.5/libexec/conf/repository/org/springframework/spring-core/6.1.1/spring-core-6.1.1.jar:/Users/hmic/Documents/maven/3.9.5/libexec/conf/repository/org/springframework/spring-jcl/6.1.1/spring-jcl-6.1.1.jar:/Users/hmic/Documents/maven/3.9.5/libexec/conf/repository/org/springframework/spring-test/6.1.1/spring-test-6.1.1.jar:/Users/hmic/Documents/maven/3.9.5/libexec/conf/repository/org/xmlunit/xmlunit-core/2.9.1/xmlunit-core-2.9.1.jar:/Users/hmic/Documents/maven/3.9.5/libexec/conf/repository/org/mybatis/spring/boot/mybatis-spring-boot-starter-test/3.0.3/mybatis-spring-boot-starter-test-3.0.3.jar:/Users/hmic/Documents/maven/3.9.5/libexec/conf/repository/org/mybatis/spring/boot/mybatis-spring-boot-test-autoconfigure/3.0.3/mybatis-spring-boot-test-autoconfigure-3.0.3.jar:/Users/hmic/Documents/maven/3.9.5/libexec/conf/repository/org/springframework/spring-tx/6.1.1/spring-tx-6.1.1.jar:"/>
    <property name="sun.cpu.endian" value="little"/>
    <property name="user.home" value="/Users/hmic"/>
    <property name="user.language" value="zh"/>
    <property name="java.specification.vendor" value="Oracle Corporation"/>
    <property name="java.version.date" value="2022-04-19"/>
    <property name="java.home" value="/Library/Java/JavaVirtualMachines/temurin-17.jdk/Contents/Home"/>
    <property name="file.separator" value="/"/>
    <property name="basedir" value="/Users/hmic/Desktop/employee-management"/>
    <property name="java.vm.compressedOopsMode" value="Zero based"/>
    <property name="line.separator" value="&#10;"/>
    <property name="java.vm.specification.vendor" value="Oracle Corporation"/>
    <property name="java.specification.name" value="Java Platform API Specification"/>
    <property name="FILE_LOG_CHARSET" value="UTF-8"/>
    <property name="java.awt.headless" value="true"/>
    <property name="surefire.real.class.path" value="/Users/hmic/Desktop/employee-management/target/surefire/surefirebooter-20231211165346751_3.jar"/>
    <property name="user.script" value="Hans"/>
    <property name="sun.management.compiler" value="HotSpot 64-Bit Tiered Compilers"/>
    <property name="java.runtime.version" value="17.0.3+7"/>
    <property name="user.name" value="hmic"/>
    <property name="path.separator" value=":"/>
    <property name="os.version" value="13.2.1"/>
    <property name="java.runtime.name" value="OpenJDK Runtime Environment"/>
    <property name="file.encoding" value="UTF-8"/>
    <property name="java.vm.name" value="OpenJDK 64-Bit Server VM"/>
    <property name="java.vendor.version" value="Temurin-17.0.3+7"/>
    <property name="localRepository" value="/Users/hmic/Documents/maven/3.9.5/libexec/conf/repository"/>
    <property name="java.vendor.url.bug" value="https://github.com/adoptium/adoptium-support/issues"/>
    <property name="java.io.tmpdir" value="/var/folders/mg/mtg9k08n7s96_l086hgzyz9h0000gn/T/"/>
    <property name="idea.version" value="2023.2.5"/>
    <property name="java.version" value="17.0.3"/>
    <property name="user.dir" value="/Users/hmic/Desktop/employee-management"/>
    <property name="os.arch" value="aarch64"/>
    <property name="java.vm.specification.name" value="Java Virtual Machine Specification"/>
    <property name="PID" value="85336"/>
    <property name="CONSOLE_LOG_CHARSET" value="UTF-8"/>
    <property name="native.encoding" value="UTF-8"/>
    <property name="java.library.path" value="/Users/hmic/Library/Java/Extensions:/Library/Java/Extensions:/Network/Library/Java/Extensions:/System/Library/Java/Extensions:/usr/lib/java:."/>
    <property name="java.vm.info" value="mixed mode"/>
    <property name="java.vendor" value="Eclipse Adoptium"/>
    <property name="java.vm.version" value="17.0.3+7"/>
    <property name="sun.io.unicode.encoding" value="UnicodeBig"/>
    <property name="maven.repo.local" value="/Users/hmic/Documents/maven/3.9.5/libexec/conf/repository"/>
    <property name="java.class.version" value="61.0"/>
  </properties>
  <testcase name="contextLoads" classname="com.hmic.EmployeeManagementApplicationTests" time="0.453">
    <system-out><![CDATA[16:53:47.160 [main] INFO org.springframework.test.context.support.AnnotationConfigContextLoaderUtils -- Could not detect default configuration classes for test class [com.hmic.EmployeeManagementApplicationTests]: EmployeeManagementApplicationTests does not declare any static, non-private, non-final, nested classes annotated with @Configuration.
16:53:47.206 [main] INFO org.springframework.boot.test.context.SpringBootTestContextBootstrapper -- Found @SpringBootConfiguration com.hmic.EmployeeManagementApplication for test class com.hmic.EmployeeManagementApplicationTests

  .   ____          _            __ _ _
 /\\ / ___'_ __ _ _(_)_ __  __ _ \ \ \ \
( ( )\___ | '_ | '_| | '_ \/ _` | \ \ \ \
 \\/  ___)| |_)| | | | | || (_| |  ) ) ) )
  '  |____| .__|_| |_|_| |_\__, | / / / /
 =========|_|==============|___/=/_/_/_/
 :: Spring Boot ::                (v3.2.0)

2023-12-11T16:53:47.378-05:00  INFO 85336 --- [           main] c.h.EmployeeManagementApplicationTests   : Starting EmployeeManagementApplicationTests using Java 17.0.3 with PID 85336 (started by hmic in /Users/hmic/Desktop/employee-management)
2023-12-11T16:53:47.379-05:00  INFO 85336 --- [           main] c.h.EmployeeManagementApplicationTests   : No active profile set, falling back to 1 default profile: "default"
Logging initialized using 'class org.apache.ibatis.logging.stdout.StdOutImpl' adapter.
2023-12-11T16:53:48.034-05:00  INFO 85336 --- [           main] c.h.EmployeeManagementApplicationTests   : Started EmployeeManagementApplicationTests in 0.767 seconds (process running for 1.229)
]]></system-out>
  </testcase>
</testsuite>